
*** Running vivado
    with args -log int_top.vds -m64 -product Vivado -mode batch -messageDb vivado.pb -notrace -source int_top.tcl


****** Vivado v2019.2 (64-bit)
  **** SW Build 2708876 on Wed Nov  6 21:40:23 MST 2019
  **** IP Build 2700528 on Thu Nov  7 00:09:20 MST 2019
    ** Copyright 1986-2019 Xilinx, Inc. All Rights Reserved.

source int_top.tcl -notrace
Command: synth_design -top int_top -part xc7a35tcpg236-1
Starting synth_design
Attempting to get a license for feature 'Synthesis' and/or device 'xc7a35t'
INFO: [Common 17-349] Got license for feature 'Synthesis' and/or device 'xc7a35t'
INFO: [Device 21-403] Loading part xc7a35tcpg236-1
INFO: Launching helper process for spawning children vivado processes
INFO: Helper process launched with PID 20244 
ERROR: [Synth 8-2576] procedural assignment to a non-register x is not permitted [C:/Users/paulmcb/Desktop/Final Project/vivado_integrator/integrator.srcs/sources_1/new/state_machine.v:89]
ERROR: [Synth 8-2576] procedural assignment to a non-register y is not permitted [C:/Users/paulmcb/Desktop/Final Project/vivado_integrator/integrator.srcs/sources_1/new/state_machine.v:90]
ERROR: [Synth 8-2576] procedural assignment to a non-register z is not permitted [C:/Users/paulmcb/Desktop/Final Project/vivado_integrator/integrator.srcs/sources_1/new/state_machine.v:91]
INFO: [Synth 8-2350] module state_machine ignored due to previous errors [C:/Users/paulmcb/Desktop/Final Project/vivado_integrator/integrator.srcs/sources_1/new/state_machine.v:23]
Failed to read verilog 'C:/Users/paulmcb/Desktop/Final Project/vivado_integrator/integrator.srcs/sources_1/new/state_machine.v'
INFO: [Common 17-83] Releasing license: Synthesis
4 Infos, 0 Warnings, 0 Critical Warnings and 4 Errors encountered.
synth_design failed
ERROR: [Common 17-69] Command failed: Synthesis failed - please see the console or run log file for details
INFO: [Common 17-206] Exiting Vivado at Mon Apr  1 15:33:18 2024...
